<?xml version="1.0" encoding="UTF-8"?>
<!-- Generated by org.testng.reporters.JUnitXMLReporter -->
<testsuite hostname="ITRS-2106s-MacBook-Pro.local" ignored="0" name="Login Error Validation" tests="2" failures="0" timestamp="11 Mar 2023 22:20:02 GMT" time="8.819" errors="0">
  <testcase name="loginErrorValidation" time="0.396" classname="swagLabs.Tests.ErrorValidationsTest"/>
  <testcase name="productErrorValidation" time="0.683" classname="swagLabs.Tests.ErrorValidationsTest"/>
</testsuite> <!-- Login Error Validation -->
