<?xml version="1.0" encoding="UTF-8"?>
<!-- Generated by org.testng.reporters.JUnitXMLReporter -->
<testsuite hostname="ITRS-2106s-MacBook-Pro.local" ignored="0" name="Login Error Validation" tests="2" failures="0" timestamp="12 Mar 2023 04:32:21 GMT" time="8.769" errors="0">
  <testcase name="loginErrorValidation" time="0.405" classname="swagLabs.Tests.ErrorValidationsTest"/>
  <testcase name="productErrorValidation" time="0.59" classname="swagLabs.Tests.ErrorValidationsTest"/>
</testsuite> <!-- Login Error Validation -->
