<?xml version="1.0" encoding="UTF-8"?>
<testng-results skipped="0" failed="0" ignored="0" total="3" passed="3">
  <reporter-output>
  </reporter-output>
  <suite name="Suite" duration-ms="8769" started-at="2023-03-12T04:32:12Z" finished-at="2023-03-12T04:32:21Z">
    <groups>
    </groups>
    <test name="Submit Order Test" duration-ms="6436" started-at="2023-03-12T04:32:12Z" finished-at="2023-03-12T04:32:19Z">
      <class name="swagLabs.Tests.SubmitOrderTest">
        <test-method status="PASS" signature="launchApplication()[pri:0, instance:swagLabs.Tests.SubmitOrderTest@2c35e847]" name="launchApplication" is-config="true" duration-ms="4816" started-at="2023-03-12T04:32:13Z" finished-at="2023-03-12T04:32:17Z">
          <reporter-output>
          </reporter-output>
        </test-method> <!-- launchApplication -->
        <test-method status="PASS" signature="submitOrder(java.util.HashMap)[pri:0, instance:swagLabs.Tests.SubmitOrderTest@2c35e847]" name="submitOrder" duration-ms="1179" started-at="2023-03-12T04:32:17Z" data-provider="getData" finished-at="2023-03-12T04:32:19Z">
          <params>
            <param index="0">
              <value>
                <![CDATA[{password=secret_sauce, productName=Sauce Labs Bike Light, username=standard_user}]]>
              </value>
            </param>
          </params>
          <reporter-output>
          </reporter-output>
        </test-method> <!-- submitOrder -->
        <test-method status="PASS" signature="tearDown()[pri:0, instance:swagLabs.Tests.SubmitOrderTest@2c35e847]" name="tearDown" is-config="true" duration-ms="213" started-at="2023-03-12T04:32:19Z" finished-at="2023-03-12T04:32:19Z">
          <reporter-output>
          </reporter-output>
        </test-method> <!-- tearDown -->
      </class> <!-- swagLabs.Tests.SubmitOrderTest -->
    </test> <!-- Submit Order Test -->
    <test name="Login Error Validation" duration-ms="8769" started-at="2023-03-12T04:32:12Z" finished-at="2023-03-12T04:32:21Z">
      <class name="swagLabs.Tests.ErrorValidationsTest">
        <test-method status="PASS" signature="launchApplication()[pri:0, instance:swagLabs.Tests.ErrorValidationsTest@53ce1329]" name="launchApplication" is-config="true" duration-ms="5028" started-at="2023-03-12T04:32:12Z" finished-at="2023-03-12T04:32:17Z">
          <reporter-output>
          </reporter-output>
        </test-method> <!-- launchApplication -->
        <test-method status="PASS" signature="loginErrorValidation()[pri:0, instance:swagLabs.Tests.ErrorValidationsTest@53ce1329]" name="loginErrorValidation" duration-ms="405" started-at="2023-03-12T04:32:17Z" finished-at="2023-03-12T04:32:18Z">
          <reporter-output>
          </reporter-output>
        </test-method> <!-- loginErrorValidation -->
        <test-method status="PASS" signature="tearDown()[pri:0, instance:swagLabs.Tests.ErrorValidationsTest@53ce1329]" name="tearDown" is-config="true" duration-ms="249" started-at="2023-03-12T04:32:18Z" finished-at="2023-03-12T04:32:18Z">
          <reporter-output>
          </reporter-output>
        </test-method> <!-- tearDown -->
        <test-method status="PASS" signature="launchApplication()[pri:0, instance:swagLabs.Tests.ErrorValidationsTest@53ce1329]" name="launchApplication" is-config="true" duration-ms="2206" started-at="2023-03-12T04:32:18Z" finished-at="2023-03-12T04:32:20Z">
          <reporter-output>
          </reporter-output>
        </test-method> <!-- launchApplication -->
        <test-method status="PASS" signature="productErrorValidation()[pri:0, instance:swagLabs.Tests.ErrorValidationsTest@53ce1329]" name="productErrorValidation" duration-ms="590" started-at="2023-03-12T04:32:20Z" finished-at="2023-03-12T04:32:21Z">
          <reporter-output>
          </reporter-output>
        </test-method> <!-- productErrorValidation -->
        <test-method status="PASS" signature="tearDown()[pri:0, instance:swagLabs.Tests.ErrorValidationsTest@53ce1329]" name="tearDown" is-config="true" duration-ms="270" started-at="2023-03-12T04:32:21Z" finished-at="2023-03-12T04:32:21Z">
          <reporter-output>
          </reporter-output>
        </test-method> <!-- tearDown -->
      </class> <!-- swagLabs.Tests.ErrorValidationsTest -->
    </test> <!-- Login Error Validation -->
  </suite> <!-- Suite -->
</testng-results>
