<?xml version="1.0" encoding="UTF-8"?>
<!-- Generated by org.testng.reporters.JUnitReportReporter -->
<testsuite skipped="0" hostname="ITRS-2106s-MacBook-Pro.local" name="swagLabs.Tests.ErrorValidationsTest" tests="2" failures="0" timestamp="12 Mar 2023 04:32:21 GMT" time="8.748" errors="0">
  <testcase name="loginErrorValidation" time="5.703" classname="swagLabs.Tests.ErrorValidationsTest"/>
  <testcase name="productErrorValidation" time="3.045" classname="swagLabs.Tests.ErrorValidationsTest"/>
</testsuite> <!-- swagLabs.Tests.ErrorValidationsTest -->
